Found 4173 images belonging to 2 classes.
Found 1043 images belonging to 2 classes.
Epoch 1/10

[1m  1/131[0m [37mâ”â”â”â”â”â”â”â”â”â”â”â”â”â”â”â”â”â”â”â”[0m [1m17:05[0m 8s/step - accuracy: 0.3750 - loss: 0.9186
[1m  2/131[0m [37mâ”â”â”â”â”â”â”â”â”â”â”â”â”â”â”â”â”â”â”â”[0m [1m2:24[0m 1s/step - accuracy: 0.4531 - loss: 0.8531 
[1m  3/131[0m [37mâ”â”â”â”â”â”â”â”â”â”â”â”â”â”â”â”â”â”â”â”[0m [1m2:11[0m 1s/step - accuracy: 0.5208 - loss: 0.7831
[1m  4/131[0m [37mâ”â”â”â”â”â”â”â”â”â”â”â”â”â”â”â”â”â”â”â”[0m [1m2:18[0m 1s/step - accuracy: 0.5566 - loss: 0.7611
[1m  5/131[0m [37mâ”â”â”â”â”â”â”â”â”â”â”â”â”â”â”â”â”â”â”â”[0m [1m2:20[0m 1s/step - accuracy: 0.5891 - loss: 0.7295
[1m  6/131[0m [37mâ”â”â”â”â”â”â”â”â”â”â”â”â”â”â”â”â”â”â”â”[0m [1m2:23[0m 1s/step - accuracy: 0.6072 - loss: 0.7258
[1m  7/131[0m [32mâ”[0m[37mâ”â”â”â”â”â”â”â”â”â”â”â”â”â”â”â”â”â”â”[0m [1m2:23[0m 1s/step - accuracy: 0.6206 - loss: 0.7254
[1m  8/131[0m [32mâ”[0m[37mâ”â”â”â”â”â”â”â”â”â”â”â”â”â”â”â”â”â”â”[0m [1m2:13[0m 1s/step - accuracy: 0.6306 - loss: 0.7257
[1m  9/131[0m [32mâ”[0m[37mâ”â”â”â”â”â”â”â”â”â”â”â”â”â”â”â”â”â”â”[0m [1m2:14[0m 1s/step - accuracy: 0.6402 - loss: 0.7221
[1m 10/131[0m [32mâ”[0m[37mâ”â”â”â”â”â”â”â”â”â”â”â”â”â”â”â”â”â”â”[0m [1m2:14[0m 1s/step - accuracy: 0.6493 - loss: 0.7167
[1m 11/131[0m [32mâ”[0m[37mâ”â”â”â”â”â”â”â”â”â”â”â”â”â”â”â”â”â”â”[0m [1m2:14[0m 1s/step - accuracy: 0.6569 - loss: 0.7114
[1m 12/131[0m [32mâ”[0m[37mâ”â”â”â”â”â”â”â”â”â”â”â”â”â”â”â”â”â”â”[0m [1m2:14[0m 1s/step - accuracy: 0.6636 - loss: 0.7062
[1m 13/131[0m [32mâ”[0m[37mâ”â”â”â”â”â”â”â”â”â”â”â”â”â”â”â”â”â”â”[0m [1m2:12[0m 1s/step - accuracy: 0.6693 - loss: 0.7016
[1m 14/131[0m [32mâ”â”[0m[37mâ”â”â”â”â”â”â”â”â”â”â”â”â”â”â”â”â”â”[0m [1m2:11[0m 1s/step - accuracy: 0.6741 - loss: 0.6974
[1m 15/131[0m [32mâ”â”[0m[37mâ”â”â”â”â”â”â”â”â”â”â”â”â”â”â”â”â”â”[0m [1m2:10[0m 1s/step - accuracy: 0.6785 - loss: 0.6936
[1m 16/131[0m [32mâ”â”[0m[37mâ”â”â”â”â”â”â”â”â”â”â”â”â”â”â”â”â”â”[0m [1m2:09[0m 1s/step - accuracy: 0.6822 - loss: 0.6901
[1m 17/131[0m [32mâ”â”[0m[37mâ”â”â”â”â”â”â”â”â”â”â”â”â”â”â”â”â”â”[0m [1m2:08[0m 1s/step - accuracy: 0.6853 - loss: 0.6869
[1m 18/131[0m [32mâ”â”[0m[37mâ”â”â”â”â”â”â”â”â”â”â”â”â”â”â”â”â”â”[0m [1m2:07[0m 1s/step - accuracy: 0.6880 - loss: 0.6840
[1m 19/131[0m [32mâ”â”[0m[37mâ”â”â”â”â”â”â”â”â”â”â”â”â”â”â”â”â”â”[0m [1m2:06[0m 1s/step - accuracy: 0.6906 - loss: 0.6810
[1m 20/131[0m [32mâ”â”â”[0m[37mâ”â”â”â”â”â”â”â”â”â”â”â”â”â”â”â”â”[0m [1m2:05[0m 1s/step - accuracy: 0.6930 - loss: 0.6781
[1m 21/131[0m [32mâ”â”â”[0m[37mâ”â”â”â”â”â”â”â”â”â”â”â”â”â”â”â”â”[0m [1m2:04[0m 1s/step - accuracy: 0.6949 - loss: 0.6758
[1m 22/131[0m [32mâ”â”â”[0m[37mâ”â”â”â”â”â”â”â”â”â”â”â”â”â”â”â”â”[0m [1m2:03[0m 1s/step - accuracy: 0.6966 - loss: 0.6737
[1m 23/131[0m [32mâ”â”â”[0m[37mâ”â”â”â”â”â”â”â”â”â”â”â”â”â”â”â”â”[0m [1m2:02[0m 1s/step - accuracy: 0.6983 - loss: 0.6714
[1m 24/131[0m [32mâ”â”â”[0m[37mâ”â”â”â”â”â”â”â”â”â”â”â”â”â”â”â”â”[0m [1m2:01[0m 1s/step - accuracy: 0.7001 - loss: 0.6689
[1m 25/131[0m [32mâ”â”â”[0m[37mâ”â”â”â”â”â”â”â”â”â”â”â”â”â”â”â”â”[0m [1m2:01[0m 1s/step - accuracy: 0.7016 - loss: 0.6669
[1m 26/131[0m [32mâ”â”â”[0m[37mâ”â”â”â”â”â”â”â”â”â”â”â”â”â”â”â”â”[0m [1m2:00[0m 1s/step - accuracy: 0.7030 - loss: 0.6648
[1m 27/131[0m [32mâ”â”â”â”[0m[37mâ”â”â”â”â”â”â”â”â”â”â”â”â”â”â”â”[0m [1m1:59[0m 1s/step - accuracy: 0.7043 - loss: 0.6629
[1m 28/131[0m [32mâ”â”â”â”[0m[37mâ”â”â”â”â”â”â”â”â”â”â”â”â”â”â”â”[0m [1m1:59[0m 1s/step - accuracy: 0.7056 - loss: 0.6609
[1m 29/131[0m [32mâ”â”â”â”[0m[37mâ”â”â”â”â”â”â”â”â”â”â”â”â”â”â”â”[0m [1m1:58[0m 1s/step - accuracy: 0.7067 - loss: 0.6591
[1m 30/131[0m [32mâ”â”â”â”[0m[37mâ”â”â”â”â”â”â”â”â”â”â”â”â”â”â”â”[0m [1m1:57[0m 1s/step - accuracy: 0.7077 - loss: 0.6573
[1m 31/131[0m [32mâ”â”â”â”[0m[37mâ”â”â”â”â”â”â”â”â”â”â”â”â”â”â”â”[0m [1m1:55[0m 1s/step - accuracy: 0.7088 - loss: 0.6556
[1m 32/131[0m [32mâ”â”â”â”[0m[37mâ”â”â”â”â”â”â”â”â”â”â”â”â”â”â”â”[0m [1m1:54[0m 1s/step - accuracy: 0.7098 - loss: 0.6539
[1m 33/131[0m [32mâ”â”â”â”â”[0m[37mâ”â”â”â”â”â”â”â”â”â”â”â”â”â”â”[0m [1m1:52[0m 1s/step - accuracy: 0.7108 - loss: 0.6523
[1m 34/131[0m [32mâ”â”â”â”â”[0m[37mâ”â”â”â”â”â”â”â”â”â”â”â”â”â”â”[0m [1m1:51[0m 1s/step - accuracy: 0.7117 - loss: 0.6508
[1m 35/131[0m [32mâ”â”â”â”â”[0m[37mâ”â”â”â”â”â”â”â”â”â”â”â”â”â”â”[0m [1m1:50[0m 1s/step - accuracy: 0.7125 - loss: 0.6493
[1m 36/131[0m [32mâ”â”â”â”â”[0m[37mâ”â”â”â”â”â”â”â”â”â”â”â”â”â”â”[0m [1m1:48[0m 1s/step - accuracy: 0.7132 - loss: 0.6479
[1m 37/131[0m [32mâ”â”â”â”â”[0m[37mâ”â”â”â”â”â”â”â”â”â”â”â”â”â”â”[0m [1m1:47[0m 1s/step - accuracy: 0.7139 - loss: 0.6466
[1m 38/131[0m [32mâ”â”â”â”â”[0m[37mâ”â”â”â”â”â”â”â”â”â”â”â”â”â”â”[0m [1m1:46[0m 1s/step - accuracy: 0.7145 - loss: 0.6453
[1m 39/131[0m [32mâ”â”â”â”â”[0m[37mâ”â”â”â”â”â”â”â”â”â”â”â”â”â”â”[0m [1m1:45[0m 1s/step - accuracy: 0.7151 - loss: 0.6441
[1m 40/131[0m [32mâ”â”â”â”â”â”[0m[37mâ”â”â”â”â”â”â”â”â”â”â”â”â”â”[0m [1m1:43[0m 1s/step - accuracy: 0.7156 - loss: 0.6429
[1m 41/131[0m [32mâ”â”â”â”â”â”[0m[37mâ”â”â”â”â”â”â”â”â”â”â”â”â”â”[0m [1m1:42[0m 1s/step - accuracy: 0.7162 - loss: 0.6417
[1m 42/131[0m [32mâ”â”â”â”â”â”[0m[37mâ”â”â”â”â”â”â”â”â”â”â”â”â”â”[0m [1m1:41[0m 1s/step - accuracy: 0.7168 - loss: 0.6405
[1m 43/131[0m [32mâ”â”â”â”â”â”[0m[37mâ”â”â”â”â”â”â”â”â”â”â”â”â”â”[0m [1m1:40[0m 1s/step - accuracy: 0.7173 - loss: 0.6394
[1m 44/131[0m [32mâ”â”â”â”â”â”[0m[37mâ”â”â”â”â”â”â”â”â”â”â”â”â”â”[0m [1m1:39[0m 1s/step - accuracy: 0.7179 - loss: 0.6382
[1m 45/131[0m [32mâ”â”â”â”â”â”[0m[37mâ”â”â”â”â”â”â”â”â”â”â”â”â”â”[0m [1m1:38[0m 1s/step - accuracy: 0.7185 - loss: 0.6370
[1m 46/131[0m [32mâ”â”â”â”â”â”â”[0m[37mâ”â”â”â”â”â”â”â”â”â”â”â”â”[0m [1m1:37[0m 1s/step - accuracy: 0.7190 - loss: 0.6359
[1m 47/131[0m [32mâ”â”â”â”â”â”â”[0m[37mâ”â”â”â”â”â”â”â”â”â”â”â”â”[0m [1m1:36[0m 1s/step - accuracy: 0.7195 - loss: 0.6349
[1m 48/131[0m [32mâ”â”â”â”â”â”â”[0m[37mâ”â”â”â”â”â”â”â”â”â”â”â”â”[0m [1m1:35[0m 1s/step - accuracy: 0.7199 - loss: 0.6340
[1m 49/131[0m [32mâ”â”â”â”â”â”â”[0m[37mâ”â”â”â”â”â”â”â”â”â”â”â”â”[0m [1m1:35[0m 1s/step - accuracy: 0.7204 - loss: 0.6330
[1m 50/131[0m [32mâ”â”â”â”â”â”â”[0m[37mâ”â”â”â”â”â”â”â”â”â”â”â”â”[0m [1m1:34[0m 1s/step - accuracy: 0.7208 - loss: 0.6320
[1m 51/131[0m [32mâ”â”â”â”â”â”â”[0m[37mâ”â”â”â”â”â”â”â”â”â”â”â”â”[0m [1m1:33[0m 1s/step - accuracy: 0.7213 - loss: 0.6311
[1m 52/131[0m [32mâ”â”â”â”â”â”â”[0m[37mâ”â”â”â”â”â”â”â”â”â”â”â”â”[0m [1m1:32[0m 1s/step - accuracy: 0.7217 - loss: 0.6301
[1m 53/131[0m [32mâ”â”â”â”â”â”â”â”[0m[37mâ”â”â”â”â”â”â”â”â”â”â”â”[0m [1m1:30[0m 1s/step - accuracy: 0.7222 - loss: 0.6292
[1m 54/131[0m [32mâ”â”â”â”â”â”â”â”[0m[37mâ”â”â”â”â”â”â”â”â”â”â”â”[0m [1m1:29[0m 1s/step - accuracy: 0.7226 - loss: 0.6282
[1m 55/131[0m [32mâ”â”â”â”â”â”â”â”[0m[37mâ”â”â”â”â”â”â”â”â”â”â”â”[0m [1m1:28[0m 1s/step - accuracy: 0.7230 - loss: 0.6273
[1m 56/131[0m [32mâ”â”â”â”â”â”â”â”[0m[37mâ”â”â”â”â”â”â”â”â”â”â”â”[0m [1m1:27[0m 1s/step - accuracy: 0.7235 - loss: 0.6264
[1m 57/131[0m [32mâ”â”â”â”â”â”â”â”[0m[37mâ”â”â”â”â”â”â”â”â”â”â”â”[0m [1m1:26[0m 1s/step - accuracy: 0.7239 - loss: 0.6255
[1m 58/131[0m [32mâ”â”â”â”â”â”â”â”[0m[37mâ”â”â”â”â”â”â”â”â”â”â”â”[0m [1m1:25[0m 1s/step - accuracy: 0.7242 - loss: 0.6247
[1m 59/131[0m [32mâ”â”â”â”â”â”â”â”â”[0m[37mâ”â”â”â”â”â”â”â”â”â”â”[0m [1m1:23[0m 1s/step - accuracy: 0.7245 - loss: 0.6238
[1m 60/131[0m [32mâ”â”â”â”â”â”â”â”â”[0m[37mâ”â”â”â”â”â”â”â”â”â”â”[0m [1m1:22[0m 1s/step - accuracy: 0.7249 - loss: 0.6230
[1m 61/131[0m [32mâ”â”â”â”â”â”â”â”â”[0m[37mâ”â”â”â”â”â”â”â”â”â”â”[0m [1m1:21[0m 1s/step - accuracy: 0.7253 - loss: 0.6222
[1m 62/131[0m [32mâ”â”â”â”â”â”â”â”â”[0m[37mâ”â”â”â”â”â”â”â”â”â”â”[0m [1m1:20[0m 1s/step - accuracy: 0.7256 - loss: 0.6213
[1m 63/131[0m [32mâ”â”â”â”â”â”â”â”â”[0m[37mâ”â”â”â”â”â”â”â”â”â”â”[0m [1m1:18[0m 1s/step - accuracy: 0.7260 - loss: 0.6206
[1m 64/131[0m [32mâ”â”â”â”â”â”â”â”â”[0m[37mâ”â”â”â”â”â”â”â”â”â”â”[0m [1m1:17[0m 1s/step - accuracy: 0.7263 - loss: 0.6198
[1m 65/131[0m [32mâ”â”â”â”â”â”â”â”â”[0m[37mâ”â”â”â”â”â”â”â”â”â”â”[0m [1m1:16[0m 1s/step - accuracy: 0.7266 - loss: 0.6190
[1m 66/131[0m [32mâ”â”â”â”â”â”â”â”â”â”[0m[37mâ”â”â”â”â”â”â”â”â”â”[0m [1m1:15[0m 1s/step - accuracy: 0.7269 - loss: 0.6183
[1m 67/131[0m [32mâ”â”â”â”â”â”â”â”â”â”[0m[37mâ”â”â”â”â”â”â”â”â”â”[0m [1m1:14[0m 1s/step - accuracy: 0.7272 - loss: 0.6175
[1m 68/131[0m [32mâ”â”â”â”â”â”â”â”â”â”[0m[37mâ”â”â”â”â”â”â”â”â”â”[0m [1m1:12[0m 1s/step - accuracy: 0.7275 - loss: 0.6168
[1m 69/131[0m [32mâ”â”â”â”â”â”â”â”â”â”[0m[37mâ”â”â”â”â”â”â”â”â”â”[0m [1m1:11[0m 1s/step - accuracy: 0.7277 - loss: 0.6161
[1m 70/131[0m [32mâ”â”â”â”â”â”â”â”â”â”[0m[37mâ”â”â”â”â”â”â”â”â”â”[0m [1m1:10[0m 1s/step - accuracy: 0.7280 - loss: 0.6154
[1m 71/131[0m [32mâ”â”â”â”â”â”â”â”â”â”[0m[37mâ”â”â”â”â”â”â”â”â”â”[0m [1m1:09[0m 1s/step - accuracy: 0.7282 - loss: 0.6147